e:\assetstudio-master\texture2ddecodernative\obj\win32\debug\vc142.pdb
e:\assetstudio-master\texture2ddecodernative\obj\win32\debug\vc142.idb
e:\assetstudio-master\texture2ddecodernative\obj\win32\debug\unitycrunch.obj
e:\assetstudio-master\texture2ddecodernative\obj\win32\debug\pvrtc.obj
e:\assetstudio-master\texture2ddecodernative\obj\win32\debug\etc.obj
e:\assetstudio-master\texture2ddecodernative\obj\win32\debug\dllmain.obj
e:\assetstudio-master\texture2ddecodernative\obj\win32\debug\crunch.obj
e:\assetstudio-master\texture2ddecodernative\obj\win32\debug\bcn.obj
e:\assetstudio-master\texture2ddecodernative\obj\win32\debug\atc.obj
e:\assetstudio-master\texture2ddecodernative\obj\win32\debug\astc.obj
e:\assetstudio-master\texture2ddecodernative\bin\win32\debug\texture2ddecodernative.ilk
e:\assetstudio-master\texture2ddecodernative\bin\win32\debug\texture2ddecodernative.dll
e:\assetstudio-master\texture2ddecodernative\bin\win32\debug\texture2ddecodernative.pdb
e:\assetstudio-master\texture2ddecodernative\obj\win32\debug\texture2ddecodernative.res
e:\assetstudio-master\texture2ddecodernative\bin\win32\debug\texture2ddecodernative.lib
e:\assetstudio-master\texture2ddecodernative\bin\win32\debug\texture2ddecodernative.exp
e:\assetstudio-master\texture2ddecodernative\obj\win32\debug\texture2.29356642.tlog\cl.command.1.tlog
e:\assetstudio-master\texture2ddecodernative\obj\win32\debug\texture2.29356642.tlog\cl.read.1.tlog
e:\assetstudio-master\texture2ddecodernative\obj\win32\debug\texture2.29356642.tlog\cl.write.1.tlog
e:\assetstudio-master\texture2ddecodernative\obj\win32\debug\texture2.29356642.tlog\link.command.1.tlog
e:\assetstudio-master\texture2ddecodernative\obj\win32\debug\texture2.29356642.tlog\link.read.1.tlog
e:\assetstudio-master\texture2ddecodernative\obj\win32\debug\texture2.29356642.tlog\link.write.1.tlog
e:\assetstudio-master\texture2ddecodernative\obj\win32\debug\texture2.29356642.tlog\rc.command.1.tlog
e:\assetstudio-master\texture2ddecodernative\obj\win32\debug\texture2.29356642.tlog\rc.read.1.tlog
e:\assetstudio-master\texture2ddecodernative\obj\win32\debug\texture2.29356642.tlog\rc.write.1.tlog
e:\assetstudio-master\texture2ddecodernative\obj\win32\debug\texture2.29356642.tlog\texture2ddecodernative.write.1u.tlog
